{"E:\\Javascript Tips\\JavascriptDataStructures\\src\\Day1\\arrayInsert.js": {"path":"E:\\Javascript Tips\\JavascriptDataStructures\\src\\Day1\\arrayInsert.js","statementMap":{"0":{"start":{"line":2,"column":4},"end":{"line":2,"column":17}},"1":{"start":{"line":5,"column":0},"end":{"line":7,"column":2}}},"fnMap":{"0":{"name":"sum","decl":{"start":{"line":1,"column":9},"end":{"line":1,"column":12}},"loc":{"start":{"line":1,"column":18},"end":{"line":3,"column":1}},"line":1}},"branchMap":{},"s":{"0":1,"1":1},"f":{"0":1},"b":{},"_coverageSchema":"1a1c01bbd47fc00a2c39e90264f33305004495a9","hash":"7aa6c28991caab01af85355964a22090028cb17b"}
}
